[debug] [2021-04-16T17:32:06.330Z] ----------------------------------------------------------------------
[debug] [2021-04-16T17:32:06.334Z] Command:       C:\Program Files\nodejs\node.exe C:\Users\Asus\AppData\Roaming\npm\node_modules\firebase-tools\lib\bin\firebase.js init
[debug] [2021-04-16T17:32:06.335Z] CLI Version:   9.10.0
[debug] [2021-04-16T17:32:06.335Z] Platform:      win32
[debug] [2021-04-16T17:32:06.335Z] Node Version:  v14.15.3
[debug] [2021-04-16T17:32:06.337Z] Time:          Fri Apr 16 2021 23:32:06 GMT+0600 (Bangladesh Standard Time)
[debug] [2021-04-16T17:32:06.337Z] ----------------------------------------------------------------------
[debug] 
[debug] [2021-04-16T17:32:06.351Z] > command requires scopes: ["email","openid","https://www.googleapis.com/auth/cloudplatformprojects.readonly","https://www.googleapis.com/auth/firebase","https://www.googleapis.com/auth/cloud-platform"]
[debug] [2021-04-16T17:32:06.352Z] > authorizing via signed-in user (asif.eee.cu@gmail.com)
[info] 
     ######## #### ########  ######## ########     ###     ######  ########
     ##        ##  ##     ## ##       ##     ##  ##   ##  ##       ##
     ######    ##  ########  ######   ########  #########  ######  ######
     ##        ##  ##    ##  ##       ##     ## ##     ##       ## ##
     ##       #### ##     ## ######## ########  ##     ##  ######  ########

You're about to initialize a Firebase project in this directory:

  D:\Jhankarvie\Javascript\Node.js\day-75-doctor-portal-from-phero\doctors-portal-solution-admin-page

Before we get started, keep in mind:

  * You are initializing in an existing Firebase project directory

[info] 
=== Project Setup
[info] 
[info] First, let's associate this project directory with a Firebase project.
[info] You can create multiple project aliases by running firebase use --add, 
[info] but for now we'll just set up a default project.
[info] 
[info] i  .firebaserc already has a default project, using doctors-portal-ph. 
[debug] [2021-04-16T17:32:23.583Z] >>> [apiv2][query] GET https://firebase.googleapis.com/v1beta1/projects/doctors-portal-ph [none]
[debug] [2021-04-16T17:32:26.057Z] <<< [apiv2][status] GET https://firebase.googleapis.com/v1beta1/projects/doctors-portal-ph 403
[debug] [2021-04-16T17:32:26.057Z] <<< [apiv2][body] GET https://firebase.googleapis.com/v1beta1/projects/doctors-portal-ph {"error":{"code":403,"message":"The caller does not have permission","status":"PERMISSION_DENIED"}}
[debug] [2021-04-16T17:32:26.058Z] HTTP Error: 403, The caller does not have permission
[debug] [2021-04-16T17:32:26.372Z] FirebaseError: HTTP Error: 403, The caller does not have permission
    at module.exports (C:\Users\Asus\AppData\Roaming\npm\node_modules\firebase-tools\lib\responseToError.js:38:12)
    at Client.doRequest (C:\Users\Asus\AppData\Roaming\npm\node_modules\firebase-tools\lib\apiv2.js:238:23)
    at processTicksAndRejections (internal/process/task_queues.js:93:5)
    at async Client.request (C:\Users\Asus\AppData\Roaming\npm\node_modules\firebase-tools\lib\apiv2.js:96:20)
    at async Object.getFirebaseProject (C:\Users\Asus\AppData\Roaming\npm\node_modules\firebase-tools\lib\management\projects.js:290:21)
    at async Object.doSetup [as project] (C:\Users\Asus\AppData\Roaming\npm\node_modules\firebase-tools\lib\init\features\project.js:77:27)
    at async init (C:\Users\Asus\AppData\Roaming\npm\node_modules\firebase-tools\lib\init\index.js:19:9)
[error] 
[error] Error: Failed to get Firebase project doctors-portal-ph. Please make sure the project exists and your account has permission to access it.
